<?xml version="1.0" encoding="UTF-8"?>
<testng-results skipped="0" failed="0" ignored="0" total="1" passed="1">
  <reporter-output>
  </reporter-output>
  <suite name="Default suite" duration-ms="23850" started-at="2020-05-20T09:24:29Z" finished-at="2020-05-20T09:24:53Z">
    <groups>
    </groups>
    <test name="Default test" duration-ms="23850" started-at="2020-05-20T09:24:29Z" finished-at="2020-05-20T09:24:53Z">
      <class name="org.write.Finally">
        <test-method status="PASS" signature="test(java.lang.String, java.lang.String, java.lang.String, java.lang.String, java.lang.String, java.lang.String, java.lang.String, java.lang.String, java.lang.String, java.lang.String, java.lang.String, java.lang.String, java.lang.String, java.lang.String, java.lang.String, java.lang.String, java.lang.String, java.lang.String)[pri:0, instance:org.write.Finally@d2cc05a]" name="test" duration-ms="23728" started-at="2020-05-20T09:24:29Z" data-provider="Vikashini" finished-at="2020-05-20T09:24:53Z">
          <params>
            <param index="0">
              <value>
                <![CDATA[kalidass]]>
              </value>
            </param>
            <param index="1">
              <value>
                <![CDATA[12345@]]>
              </value>
            </param>
            <param index="2">
              <value>
                <![CDATA[Mani]]>
              </value>
            </param>
            <param index="3">
              <value>
                <![CDATA[Vikashini]]>
              </value>
            </param>
            <param index="4">
              <value>
                <![CDATA[Rspuram,Trichy,Tamilnadu,India]]>
              </value>
            </param>
            <param index="5">
              <value>
                <![CDATA[1325904657621498]]>
              </value>
            </param>
            <param index="6">
              <value>
                <![CDATA[980]]>
              </value>
            </param>
            <param index="7">
              <value>
                <![CDATA[Paris]]>
              </value>
            </param>
            <param index="8">
              <value>
                <![CDATA[Hotel Creek]]>
              </value>
            </param>
            <param index="9">
              <value>
                <![CDATA[Standard]]>
              </value>
            </param>
            <param index="10">
              <value>
                <![CDATA[1 - One]]>
              </value>
            </param>
            <param index="11">
              <value>
                <![CDATA[20/05/2020]]>
              </value>
            </param>
            <param index="12">
              <value>
                <![CDATA[21/05/2020]]>
              </value>
            </param>
            <param index="13">
              <value>
                <![CDATA[1 - One]]>
              </value>
            </param>
            <param index="14">
              <value>
                <![CDATA[0 - None]]>
              </value>
            </param>
            <param index="15">
              <value>
                <![CDATA[VISA]]>
              </value>
            </param>
            <param index="16">
              <value>
                <![CDATA[May]]>
              </value>
            </param>
            <param index="17">
              <value>
                <![CDATA[2022]]>
              </value>
            </param>
          </params>
          <reporter-output>
          </reporter-output>
        </test-method> <!-- test -->
      </class> <!-- org.write.Finally -->
    </test> <!-- Default test -->
  </suite> <!-- Default suite -->
</testng-results>
